Copyright 1986-2020 Xilinx, Inc. All Rights Reserved.
--------------------------------------------------------------------------------------------------------------------------------------------------------------------------------------
| Tool Version : Vivado v.2020.2 (win64) Build 3064766 Wed Nov 18 09:12:45 MST 2020
| Date         : Sun May 21 20:33:48 2023
| Host         : Pc running 64-bit major release  (build 9200)
| Command      : report_methodology -file design_1_wrapper_methodology_drc_routed.rpt -pb design_1_wrapper_methodology_drc_routed.pb -rpx design_1_wrapper_methodology_drc_routed.rpx
| Design       : design_1_wrapper
| Device       : xc7a35tcpg236-1
| Speed File   : -1
| Design State : Fully Routed
--------------------------------------------------------------------------------------------------------------------------------------------------------------------------------------

Report Methodology

Table of Contents
-----------------
1. REPORT SUMMARY
2. REPORT DETAILS

1. REPORT SUMMARY
-----------------
            Netlist: netlist
          Floorplan: design_1
      Design limits: <entire design considered>
             Max violations: <unlimited>
             Violations found: 11
+-----------+----------+-------------------------------+------------+
| Rule      | Severity | Description                   | Violations |
+-----------+----------+-------------------------------+------------+
| LUTAR-1   | Warning  | LUT drives async reset alert  | 4          |
| TIMING-18 | Warning  | Missing input or output delay | 5          |
| TIMING-20 | Warning  | Non-clocked latch             | 2          |
+-----------+----------+-------------------------------+------------+

2. REPORT DETAILS
-----------------
LUTAR-1#1 Warning
LUT drives async reset alert  
LUT cell design_1_i/debouncer_0/U0/debounced_int_reg_LDC_i_1, with 2 or more inputs, drives asynchronous preset/clear pin(s) design_1_i/debouncer_0/U0/debounced_int_reg_P/PRE. The LUT may glitch and trigger an unexpected reset, even if it is a properly timed path.
Related violations: <none>

LUTAR-1#2 Warning
LUT drives async reset alert  
LUT cell design_1_i/debouncer_0/U0/debounced_int_reg_LDC_i_2, with 2 or more inputs, drives asynchronous preset/clear pin(s) design_1_i/debouncer_0/U0/debounced_int_reg_C/CLR
design_1_i/debouncer_0/U0/debounced_int_reg_LDC/CLR. The LUT may glitch and trigger an unexpected reset, even if it is a properly timed path.
Related violations: <none>

LUTAR-1#3 Warning
LUT drives async reset alert  
LUT cell design_1_i/debouncer_1/U0/debounced_int_reg_LDC_i_1, with 2 or more inputs, drives asynchronous preset/clear pin(s) design_1_i/debouncer_1/U0/debounced_int_reg_P/PRE. The LUT may glitch and trigger an unexpected reset, even if it is a properly timed path.
Related violations: <none>

LUTAR-1#4 Warning
LUT drives async reset alert  
LUT cell design_1_i/debouncer_1/U0/debounced_int_reg_LDC_i_2, with 2 or more inputs, drives asynchronous preset/clear pin(s) design_1_i/debouncer_1/U0/debounced_int_reg_C/CLR
design_1_i/debouncer_1/U0/debounced_int_reg_LDC/CLR. The LUT may glitch and trigger an unexpected reset, even if it is a properly timed path.
Related violations: <none>

TIMING-18#1 Warning
Missing input or output delay  
An input delay is missing on SPI_M_0_io0_io relative to clock(s) sys_clock
Related violations: <none>

TIMING-18#2 Warning
Missing input or output delay  
An input delay is missing on SPI_M_0_io1_io relative to clock(s) sys_clock
Related violations: <none>

TIMING-18#3 Warning
Missing input or output delay  
An input delay is missing on SPI_M_0_sck_io relative to clock(s) sys_clock
Related violations: <none>

TIMING-18#4 Warning
Missing input or output delay  
An input delay is missing on SPI_M_0_ss_io relative to clock(s) sys_clock
Related violations: <none>

TIMING-18#5 Warning
Missing input or output delay  
An input delay is missing on reset relative to clock(s) sys_clock
Related violations: <none>

TIMING-20#1 Warning
Non-clocked latch  
The latch design_1_i/debouncer_0/U0/debounced_int_reg_LDC cannot be properly analyzed as its control pin design_1_i/debouncer_0/U0/debounced_int_reg_LDC/G is not reached by a timing clock
Related violations: <none>

TIMING-20#2 Warning
Non-clocked latch  
The latch design_1_i/debouncer_1/U0/debounced_int_reg_LDC cannot be properly analyzed as its control pin design_1_i/debouncer_1/U0/debounced_int_reg_LDC/G is not reached by a timing clock
Related violations: <none>


